TN:
SF:src\controllers\register-vehicle.ts
FN:4,handle
FNF:1
FNH:1
FNDA:3,handle
DA:1,1
DA:2,1
DA:3,1
DA:4,1
DA:5,3
DA:6,3
DA:7,3
DA:8,3
DA:9,3
DA:10,9
DA:11,3
DA:12,3
DA:13,3
DA:14,9
DA:15,3
DA:16,3
DA:17,3
DA:18,3
DA:19,3
DA:20,3
DA:21,1
LF:21
LH:21
BRDA:4,0,0,3
BRDA:9,1,0,9
BRDA:10,2,0,3
BRF:3
BRH:3
end_of_record
TN:
SF:src\errors\client-errors.ts
FN:2,MissingFormalParameter
FNF:1
FNH:1
FNDA:3,MissingFormalParameter
DA:1,1
DA:2,1
DA:3,3
DA:4,3
DA:5,1
LF:5
LH:5
BRDA:2,0,0,3
BRF:1
BRH:1
end_of_record
TN:
SF:src\models\food-model.ts
FN:4,Food
FN:6,getName
FN:10,getDescription
FN:14,getPrice
FNF:4
FNH:4
FNDA:1,Food
FNDA:1,getName
FNDA:1,getDescription
FNDA:1,getPrice
DA:1,1
DA:2,1
DA:3,1
DA:4,1
DA:5,1
DA:6,1
DA:7,1
DA:8,1
DA:9,1
DA:10,1
DA:11,1
DA:12,1
DA:13,1
DA:14,1
DA:15,1
DA:16,1
DA:17,1
LF:17
LH:17
BRDA:4,0,0,1
BRDA:6,1,0,1
BRDA:10,2,0,1
BRDA:14,3,0,1
BRF:4
BRH:4
end_of_record
TN:
SF:src\models\vehicle-models.ts
FN:4,VehicleModel
FN:6,getName
FN:10,getModel
FN:14,getYear
FN:18,getPrice
FN:22,getInventory
FNF:6
FNH:6
FNDA:1,VehicleModel
FNDA:1,getName
FNDA:1,getModel
FNDA:1,getYear
FNDA:1,getPrice
FNDA:1,getInventory
DA:1,1
DA:2,1
DA:3,1
DA:4,1
DA:5,1
DA:6,1
DA:7,1
DA:8,1
DA:9,1
DA:10,1
DA:11,1
DA:12,1
DA:13,1
DA:14,1
DA:15,1
DA:16,1
DA:17,1
DA:18,1
DA:19,1
DA:20,1
DA:21,1
DA:22,1
DA:23,1
DA:24,1
DA:25,1
LF:25
LH:25
BRDA:4,0,0,1
BRDA:6,1,0,1
BRDA:10,2,0,1
BRDA:14,3,0,1
BRDA:18,4,0,1
BRDA:22,5,0,1
BRF:6
BRH:6
end_of_record
